<?xml version="1.0" encoding="UTF-8"?>
<!-- Generated by org.testng.reporters.JUnitReportReporter -->
<testsuite hostname="maryna" failures="0" tests="1" name="tests.FailedLoginTests" time="4.393" errors="0" timestamp="25 lis 2019 22:32:40 GMT" skipped="0">
  <testcase classname="tests.FailedLoginTests" name="asUserTryToLogInWithIncorrectLoginAndPassword" time="4.393"/>
</testsuite> <!-- tests.FailedLoginTests -->
